<?xml version="1.0" encoding="UTF-8"?>
<!-- Generated by org.testng.reporters.JUnitReportReporter -->
<testsuite hostname="DESKTOP-D2PDQ59" failures="0" tests="4" name="GSir.GroupsDemo" time="0.026" errors="0" timestamp="2024-06-16T21:45:04 IST" skipped="0">
  <testcase classname="GSir.GroupsDemo" name="regression2" time="0.004"/>
  <testcase classname="GSir.GroupsDemo" name="smokeTest1" time="0.004"/>
  <testcase classname="GSir.GroupsDemo" name="regression1" time="0.014"/>
  <testcase classname="GSir.GroupsDemo" name="smokeTest2" time="0.004"/>
</testsuite> <!-- GSir.GroupsDemo -->
