<?xml version="1.0" encoding="UTF-8"?>
<!-- Generated by org.testng.reporters.JUnitReportReporter -->
<testsuite hostname="DESKTOP-D2PDQ59" failures="0" tests="6" name="TestNgTutorial.Day3" time="0.075" errors="0" timestamp="2024-06-17T01:10:32 IST" skipped="1">
  <testcase classname="TestNgTutorial.Day3" name="mobileSignininCarLoan" time="0.009"/>
  <testcase classname="TestNgTutorial.Day3" name="mobileSignoutCarLoan" time="0.042"/>
  <testcase classname="TestNgTutorial.Day3" name="mobileSignoutCarLoan" time="0.013"/>
  <testcase classname="TestNgTutorial.Day3" name="mobileSignoutCarLoan" time="0.006"/>
  <testcase classname="TestNgTutorial.Day3" name="webLoginCarLoan" time="0.005"/>
  <testcase classname="TestNgTutorial.Day3" name="mobileLoginCarLoan">
    <skipped/>
  </testcase> <!-- mobileLoginCarLoan -->
</testsuite> <!-- TestNgTutorial.Day3 -->
