<?xml version="1.0" encoding="UTF-8"?>
<!-- Generated by org.testng.reporters.JUnitReportReporter -->
<testsuite hostname="DESKTOP-D2PDQ59" failures="0" tests="3" name="TestNgTutorial.Day4" time="0.012" errors="0" timestamp="2024-06-17T01:10:32 IST" skipped="0">
  <testcase classname="TestNgTutorial.Day4" name="WebloginHomeLoan" time="0.004"/>
  <testcase classname="TestNgTutorial.Day4" name="ApiLoginHomeLoan" time="0.002"/>
  <testcase classname="TestNgTutorial.Day4" name="MobileLoginHomeLoan" time="0.006"/>
</testsuite> <!-- TestNgTutorial.Day4 -->
