<?xml version="1.0" encoding="UTF-8"?>
<!-- Generated by org.testng.reporters.JUnitReportReporter -->
<testsuite hostname="DESKTOP-D2PDQ59" failures="0" tests="3" name="GSir.TestNgEnabledFalse" time="0.015" errors="0" timestamp="2024-06-16T13:29:35 IST" skipped="1">
  <testcase classname="GSir.TestNgEnabledFalse" name="deleteUser" time="0.003"/>
  <testcase classname="GSir.TestNgEnabledFalse" name="createUser" time="0.012"/>
  <testcase classname="GSir.TestNgEnabledFalse" name="modifyUser">
    <skipped/>
  </testcase> <!-- modifyUser -->
</testsuite> <!-- GSir.TestNgEnabledFalse -->
