<?xml version="1.0" encoding="UTF-8"?>
<!-- Generated by org.testng.reporters.JUnitReportReporter -->
<testsuite hostname="DESKTOP-D2PDQ59" failures="0" tests="4" name="GSir.TestNgPriorityDemo" time="0.024" errors="0" timestamp="2024-06-16T13:34:13 IST" skipped="0">
  <testcase classname="GSir.TestNgPriorityDemo" name="testScirpt2" time="0.012"/>
  <testcase classname="GSir.TestNgPriorityDemo" name="testScirpt3" time="0.004"/>
  <testcase classname="GSir.TestNgPriorityDemo" name="testScirpt1" time="0.004"/>
  <testcase classname="GSir.TestNgPriorityDemo" name="testScirpt4" time="0.004"/>
</testsuite> <!-- GSir.TestNgPriorityDemo -->
