<?xml version="1.0" encoding="UTF-8"?>
<!-- Generated by org.testng.reporters.JUnitReportReporter -->
<testsuite hostname="DESKTOP-D2PDQ59" failures="0" tests="10" name="GSir.TestNgInnvocationCount" time="0.065" errors="0" timestamp="2024-06-16T13:30:59 IST" skipped="0">
  <testcase classname="GSir.TestNgInnvocationCount" name="createUser" time="0.004"/>
  <testcase classname="GSir.TestNgInnvocationCount" name="createUser" time="0.008"/>
  <testcase classname="GSir.TestNgInnvocationCount" name="createUser" time="0.012"/>
  <testcase classname="GSir.TestNgInnvocationCount" name="createUser" time="0.005"/>
  <testcase classname="GSir.TestNgInnvocationCount" name="createUser" time="0.010"/>
  <testcase classname="GSir.TestNgInnvocationCount" name="createUser" time="0.004"/>
  <testcase classname="GSir.TestNgInnvocationCount" name="createUser" time="0.002"/>
  <testcase classname="GSir.TestNgInnvocationCount" name="createUser" time="0.009"/>
  <testcase classname="GSir.TestNgInnvocationCount" name="createUser" time="0.007"/>
  <testcase classname="GSir.TestNgInnvocationCount" name="createUser" time="0.004"/>
</testsuite> <!-- GSir.TestNgInnvocationCount -->
