<?xml version="1.0" encoding="UTF-8"?>
<!-- Generated by org.testng.reporters.JUnitXMLReporter -->
<testsuite ignored="2" hostname="DESKTOP-D2PDQ59" failures="0" tests="5" name="Car Loan" time="0.234" errors="0" timestamp="2024-06-17T01:10:31 IST">
  <testcase classname="TestNgTutorial.Day3" name="mobileSignininCarLoan" time="0.006"/>
  <testcase classname="TestNgTutorial.Day3" name="mobileSignoutCarLoan" time="0.015"/>
  <testcase classname="TestNgTutorial.Day3" name="mobileSignoutCarLoan" time="0.009"/>
  <testcase classname="TestNgTutorial.Day3" name="mobileSignoutCarLoan" time="0.003"/>
  <testcase classname="TestNgTutorial.Day3" name="webLoginCarLoan" time="0.002"/>
  <testcase classname="TestNgTutorial.Day3" name="apiLoginCarLoan" time="0.0">
    <ignored/>
  </testcase> <!-- apiLoginCarLoan -->
  <testcase classname="TestNgTutorial.Day3" name="mobileLoginCarLoan" time="0.0">
    <ignored/>
  </testcase> <!-- mobileLoginCarLoan -->
</testsuite> <!-- Car Loan -->
