<?xml version="1.0" encoding="UTF-8"?>
<!-- Generated by org.testng.reporters.JUnitXMLReporter -->
<testsuite ignored="1" hostname="DESKTOP-D2PDQ59" failures="1" tests="5" name="Personal Loan" time="0.183" errors="0" timestamp="2024-06-17T01:10:31 IST">
  <testcase classname="TestNgTutorial.Day2" name="ploan" time="0.013"/>
  <testcase classname="TestNgTutorial.Day4" name="ApiLoginHomeLoan" time="0.002"/>
  <testcase classname="TestNgTutorial.Day4" name="MobileLoginHomeLoan" time="0.006"/>
  <testcase classname="TestNgTutorial.Day4" name="WebloginHomeLoan" time="0.004"/>
  <testcase classname="TestNgTutorial.Day1" name="demo" time="0.098">
    <failure type="java.lang.AssertionError" message="expected [true] but found [false]">
      <![CDATA[java.lang.AssertionError: expected [true] but found [false]
at TestNgTutorial.Day1.demo(Day1.java:21)
at java.base/java.util.concurrent.Executors$RunnableAdapter.call(Executors.java:539)
at java.base/java.util.concurrent.FutureTask.run(FutureTask.java:264)
at java.base/java.util.concurrent.ThreadPoolExecutor.runWorker(ThreadPoolExecutor.java:1136)
at java.base/java.util.concurrent.ThreadPoolExecutor$Worker.run(ThreadPoolExecutor.java:635)
at java.base/java.lang.Thread.run(Thread.java:840)
... Removed 17 stack frames]]>
    </failure>
  </testcase> <!-- demo -->
  <testcase classname="TestNgTutorial.Day1" name="secondTest" time="0.0">
    <ignored/>
  </testcase> <!-- secondTest -->
</testsuite> <!-- Personal Loan -->
