<?xml version="1.0" encoding="UTF-8"?>
<!-- Generated by org.testng.reporters.JUnitXMLReporter -->
<testsuite ignored="8" hostname="DESKTOP-D2PDQ59" failures="0" tests="3" name="Regression" time="0.177" errors="0" timestamp="2024-06-16T21:42:53 IST">
  <testcase classname="TestNgTutorial.Day2" name="ploan" time="0.014"/>
  <testcase classname="TestNgTutorial.Day4" name="MobileLoginHomeLoan" time="0.016"/>
  <testcase classname="TestNgTutorial.Day3" name="mobileSignininCarLoan" time="0.005"/>
  <testcase classname="TestNgTutorial.Day3" name="mobileSignoutCarLoan" time="0.0">
    <ignored/>
  </testcase> <!-- mobileSignoutCarLoan -->
  <testcase classname="TestNgTutorial.Day4" name="ApiLoginHomeLoan" time="0.0">
    <ignored/>
  </testcase> <!-- ApiLoginHomeLoan -->
  <testcase classname="TestNgTutorial.Day3" name="apiLoginCarLoan" time="0.0">
    <ignored/>
  </testcase> <!-- apiLoginCarLoan -->
  <testcase classname="TestNgTutorial.Day3" name="mobileLoginCarLoan" time="0.0">
    <ignored/>
  </testcase> <!-- mobileLoginCarLoan -->
  <testcase classname="TestNgTutorial.Day1" name="secondTest" time="0.0">
    <ignored/>
  </testcase> <!-- secondTest -->
  <testcase classname="TestNgTutorial.Day3" name="webLoginCarLoan" time="0.0">
    <ignored/>
  </testcase> <!-- webLoginCarLoan -->
  <testcase classname="TestNgTutorial.Day4" name="WebloginHomeLoan" time="0.0">
    <ignored/>
  </testcase> <!-- WebloginHomeLoan -->
  <testcase classname="TestNgTutorial.Day1" name="demo" time="0.0">
    <ignored/>
  </testcase> <!-- demo -->
</testsuite> <!-- Regression -->
