<?xml version="1.0" encoding="UTF-8"?>
<!-- Generated by org.testng.reporters.JUnitReportReporter -->
<testsuite hostname="DESKTOP-D2PDQ59" failures="0" tests="3" name="rahulshettyacademy.tests.SubmitOrderTest" time="42.827" errors="0" timestamp="2024-06-20T21:47:24 IST" skipped="0">
  <testcase classname="rahulshettyacademy.tests.SubmitOrderTest" name="submitOrder" time="21.160"/>
  <testcase classname="rahulshettyacademy.tests.SubmitOrderTest" name="OrderTestHistory" time="3.440"/>
  <testcase classname="rahulshettyacademy.tests.SubmitOrderTest" name="submitOrder" time="18.227"/>
</testsuite> <!-- rahulshettyacademy.tests.SubmitOrderTest -->
