<?xml version="1.0" encoding="UTF-8"?>
<!-- Generated by org.testng.reporters.JUnitReportReporter -->
<testsuite hostname="DESKTOP-D2PDQ59" failures="0" tests="3" name="rahulshetty.ExcelDataProvider.ExcelTestcase" time="0.022" errors="0" timestamp="2024-06-20T21:43:55 IST" skipped="0">
  <testcase classname="rahulshetty.ExcelDataProvider.ExcelTestcase" name="testCaseData" time="0.001"/>
  <testcase classname="rahulshetty.ExcelDataProvider.ExcelTestcase" name="testCaseData" time="0.010"/>
  <testcase classname="rahulshetty.ExcelDataProvider.ExcelTestcase" name="testCaseData" time="0.011"/>
</testsuite> <!-- rahulshetty.ExcelDataProvider.ExcelTestcase -->
