<?xml version="1.0" encoding="UTF-8"?>
<!-- Generated by org.testng.reporters.JUnitReportReporter -->
<testsuite hostname="DESKTOP-D2PDQ59" failures="0" tests="3" name="rahulshetty.ExcelDataProvider.DataProviderDemo" time="0.026" errors="0" timestamp="2024-05-28T20:18:56 IST" skipped="0">
  <testcase classname="rahulshetty.ExcelDataProvider.DataProviderDemo" name="testCaseData" time="0.008"/>
  <testcase classname="rahulshetty.ExcelDataProvider.DataProviderDemo" name="testCaseData" time="0.006"/>
  <testcase classname="rahulshetty.ExcelDataProvider.DataProviderDemo" name="testCaseData" time="0.012"/>
</testsuite> <!-- rahulshetty.ExcelDataProvider.DataProviderDemo -->
