<?xml version="1.0" encoding="UTF-8"?>
<testng-results ignored="0" total="3" passed="3" failed="0" skipped="0">
  <reporter-output>
  </reporter-output>
  <suite started-at="2024-06-20T21:46:40 IST" name="Failed suite [Default suite]" finished-at="2024-06-20T21:47:23 IST" duration-ms="43395">
    <groups>
      <group name="Purchase">
        <method signature="SubmitOrderTest.submitOrder(java.util.HashMap)[pri:0, instance:rahulshettyacademy.tests.SubmitOrderTest@68c9133c]" name="submitOrder" class="rahulshettyacademy.tests.SubmitOrderTest"/>
      </group> <!-- Purchase -->
    </groups>
    <test started-at="2024-06-20T21:46:40 IST" name="Default test(failed)" finished-at="2024-06-20T21:47:23 IST" duration-ms="43395">
      <class name="rahulshettyacademy.tests.SubmitOrderTest">
        <test-method is-config="true" signature="launchApplication()[pri:0, instance:rahulshettyacademy.tests.SubmitOrderTest@68c9133c]" started-at="2024-06-20T21:46:41 IST" name="launchApplication" finished-at="2024-06-20T21:46:47 IST" duration-ms="6253" status="PASS">
          <reporter-output>
          </reporter-output>
        </test-method> <!-- launchApplication -->
        <test-method signature="submitOrder(java.util.HashMap)[pri:0, instance:rahulshettyacademy.tests.SubmitOrderTest@68c9133c]" started-at="2024-06-20T21:46:47 IST" name="submitOrder" data-provider="getData" finished-at="2024-06-20T21:47:02 IST" duration-ms="14792" status="PASS">
          <params>
            <param index="0">
              <value>
                <![CDATA[{password=Rakesh@94, email=rakeshvijayh33@gmail.com, productName=ZARA COAT 3}]]>
              </value>
            </param>
          </params>
          <reporter-output>
          </reporter-output>
        </test-method> <!-- submitOrder -->
        <test-method is-config="true" signature="tearDown()[pri:0, instance:rahulshettyacademy.tests.SubmitOrderTest@68c9133c]" started-at="2024-06-20T21:47:02 IST" name="tearDown" finished-at="2024-06-20T21:47:02 IST" duration-ms="139" status="PASS">
          <reporter-output>
          </reporter-output>
        </test-method> <!-- tearDown -->
        <test-method is-config="true" signature="launchApplication()[pri:0, instance:rahulshettyacademy.tests.SubmitOrderTest@68c9133c]" started-at="2024-06-20T21:47:02 IST" name="launchApplication" finished-at="2024-06-20T21:47:05 IST" duration-ms="3284" status="PASS">
          <reporter-output>
          </reporter-output>
        </test-method> <!-- launchApplication -->
        <test-method signature="submitOrder(java.util.HashMap)[pri:0, instance:rahulshettyacademy.tests.SubmitOrderTest@68c9133c]" started-at="2024-06-20T21:47:05 IST" name="submitOrder" data-provider="getData" finished-at="2024-06-20T21:47:20 IST" duration-ms="14768" status="PASS">
          <params>
            <param index="0">
              <value>
                <![CDATA[{password=Deepika@94, email=deepikavijayh33@gmail.com, productName=ADIDAS ORIGINAL}]]>
              </value>
            </param>
          </params>
          <reporter-output>
          </reporter-output>
        </test-method> <!-- submitOrder -->
        <test-method is-config="true" signature="tearDown()[pri:0, instance:rahulshettyacademy.tests.SubmitOrderTest@68c9133c]" started-at="2024-06-20T21:47:20 IST" name="tearDown" finished-at="2024-06-20T21:47:20 IST" duration-ms="151" status="PASS">
          <reporter-output>
          </reporter-output>
        </test-method> <!-- tearDown -->
        <test-method is-config="true" signature="launchApplication()[pri:0, instance:rahulshettyacademy.tests.SubmitOrderTest@68c9133c]" started-at="2024-06-20T21:47:20 IST" name="launchApplication" finished-at="2024-06-20T21:47:22 IST" duration-ms="2349" status="PASS">
          <reporter-output>
          </reporter-output>
        </test-method> <!-- launchApplication -->
        <test-method signature="OrderTestHistory()[pri:0, instance:rahulshettyacademy.tests.SubmitOrderTest@68c9133c]" started-at="2024-06-20T21:47:22 IST" name="OrderTestHistory" finished-at="2024-06-20T21:47:23 IST" depends-on-methods="rahulshettyacademy.tests.SubmitOrderTest.submitOrder" duration-ms="949" status="PASS">
          <reporter-output>
          </reporter-output>
        </test-method> <!-- OrderTestHistory -->
        <test-method is-config="true" signature="tearDown()[pri:0, instance:rahulshettyacademy.tests.SubmitOrderTest@68c9133c]" started-at="2024-06-20T21:47:23 IST" name="tearDown" finished-at="2024-06-20T21:47:23 IST" duration-ms="142" status="PASS">
          <reporter-output>
          </reporter-output>
        </test-method> <!-- tearDown -->
      </class> <!-- rahulshettyacademy.tests.SubmitOrderTest -->
    </test> <!-- Default test(failed) -->
  </suite> <!-- Failed suite [Default suite] -->
</testng-results>
