<?xml version="1.0" encoding="UTF-8"?>
<!-- Generated by org.testng.reporters.JUnitXMLReporter -->
<testsuite ignored="0" hostname="DESKTOP-D2PDQ59" failures="1" tests="3" name="Error Validation Test" time="27.241" errors="0" timestamp="2024-05-21T02:28:45 IST">
  <testcase classname="rahulshettyacademy.tests.ErrorValidationsTest" name="loginErrorValidations" time="1.601">
    <skipped/>
  </testcase> <!-- loginErrorValidations -->
  <testcase classname="rahulshettyacademy.tests.ErrorValidationsTest" name="loginErrorValidations" time="0.71">
    <failure type="java.lang.AssertionError" message="expected [Incorrect emaili or password.] but found [Incorrect email or password.]">
      <![CDATA[java.lang.AssertionError: expected [Incorrect emaili or password.] but found [Incorrect email or password.]
at rahulshettyacademy.tests.ErrorValidationsTest.loginErrorValidations(ErrorValidationsTest.java:20)
at java.base/java.util.ArrayList.forEach(ArrayList.java:1511)
at java.base/java.util.concurrent.FutureTask.run(FutureTask.java:264)
at java.base/java.util.concurrent.ThreadPoolExecutor.runWorker(ThreadPoolExecutor.java:1136)
at java.base/java.util.concurrent.ThreadPoolExecutor$Worker.run(ThreadPoolExecutor.java:635)
at java.base/java.lang.Thread.run(Thread.java:840)
... Removed 23 stack frames]]>
    </failure>
  </testcase> <!-- loginErrorValidations -->
  <testcase classname="rahulshettyacademy.tests.ErrorValidationsTest" name="productErrorValidations" time="14.014"/>
</testsuite> <!-- Error Validation Test -->
