<?xml version="1.0" encoding="UTF-8"?>
<!-- Generated by org.testng.reporters.JUnitXMLReporter -->
<testsuite ignored="0" hostname="DESKTOP-D2PDQ59" failures="0" tests="3" name="Submit Order Test" time="42.582" errors="0" timestamp="2024-05-21T02:29:00 IST">
  <testcase classname="rahulshettyacademy.tests.SubmitOrderTest" name="submitOrder" time="15.462"/>
  <testcase classname="rahulshettyacademy.tests.SubmitOrderTest" name="submitOrder" time="15.043"/>
  <testcase classname="rahulshettyacademy.tests.SubmitOrderTest" name="OrderTestHistory" time="0.831"/>
</testsuite> <!-- Submit Order Test -->
