<?xml version="1.0" encoding="UTF-8"?>
<!-- Generated by org.testng.reporters.JUnitXMLReporter -->
<testsuite ignored="1" hostname="DESKTOP-D2PDQ59" failures="2" tests="2" name="Default test(failed)(failed)" time="0.113" errors="0" timestamp="2024-06-20T22:14:13 IST">
  <testcase classname="TestNgTutorial.FailedTestCase" name="demo2" time="0.029">
    <failure type="java.lang.AssertionError" message="expected [true] but found [false]">
      <![CDATA[java.lang.AssertionError: expected [true] but found [false]
at TestNgTutorial.FailedTestCase.demo2(FailedTestCase.java:26)
at java.base/java.util.ArrayList.forEach(ArrayList.java:1511)
... Removed 31 stack frames]]>
    </failure>
  </testcase> <!-- demo2 -->
  <testcase classname="TestNgTutorial.FailedTestCase" name="demo" time="0.007">
    <failure type="java.lang.AssertionError" message="expected [true] but found [false]">
      <![CDATA[java.lang.AssertionError: expected [true] but found [false]
at TestNgTutorial.FailedTestCase.demo(FailedTestCase.java:12)
at java.base/java.util.ArrayList.forEach(ArrayList.java:1511)
... Removed 31 stack frames]]>
    </failure>
  </testcase> <!-- demo -->
  <testcase classname="TestNgTutorial.FailedTestCase" name="demo1" time="0.0">
    <ignored/>
  </testcase> <!-- demo1 -->
</testsuite> <!-- Default test(failed)(failed) -->
