<?xml version="1.0" encoding="UTF-8"?>
<!-- Generated by org.testng.reporters.JUnitXMLReporter -->
<testsuite ignored="0" hostname="DESKTOP-D2PDQ59" failures="0" tests="3" name="Default test" time="2.069" errors="0" timestamp="2024-06-20T21:43:55 IST">
  <testcase classname="rahulshetty.ExcelDataProvider.ExcelTestcase" name="testCaseData" time="0.011"/>
  <testcase classname="rahulshetty.ExcelDataProvider.ExcelTestcase" name="testCaseData" time="0.01"/>
  <testcase classname="rahulshetty.ExcelDataProvider.ExcelTestcase" name="testCaseData" time="0.001"/>
</testsuite> <!-- Default test -->
