<?xml version="1.0" encoding="UTF-8"?>
<!-- Generated by org.testng.reporters.JUnitXMLReporter -->
<testsuite ignored="0" hostname="DESKTOP-D2PDQ59" failures="0" tests="3" name="Default test(failed)" time="43.395" errors="0" timestamp="2024-06-20T21:47:23 IST">
  <testcase classname="rahulshettyacademy.tests.SubmitOrderTest" name="submitOrder" time="14.792"/>
  <testcase classname="rahulshettyacademy.tests.SubmitOrderTest" name="submitOrder" time="14.768"/>
  <testcase classname="rahulshettyacademy.tests.SubmitOrderTest" name="OrderTestHistory" time="0.949"/>
</testsuite> <!-- Default test(failed) -->
